host: Jiwons-Laptop.local
Building DAG of jobs...
Using shell: /bin/bash
Provided cores: 1 (use --cores to define parallelism)
Rules claiming more threads will be scaled down.
Job stats:
job       count
------  -------
concat        1
count         2
total         3

Select jobs to execute...
Execute 1 jobs...

[Sun Sep  8 20:41:53 2024]
localrule count:
    input: data/B.txt
    output: temp/wc_B.txt
    jobid: 2
    reason: Missing output files: temp/wc_B.txt
    wildcards: filename=B
    resources: tmpdir=/var/folders/2v/z6sn_qq56sz8d26l90tnfyd40000gn/T

[Sun Sep  8 20:41:53 2024]
Finished job 2.
1 of 3 steps (33%) done
Select jobs to execute...
Execute 1 jobs...

[Sun Sep  8 20:41:53 2024]
localrule count:
    input: data/C.txt
    output: temp/wc_C.txt
    jobid: 3
    reason: Missing output files: temp/wc_C.txt
    wildcards: filename=C
    resources: tmpdir=/var/folders/2v/z6sn_qq56sz8d26l90tnfyd40000gn/T

[Sun Sep  8 20:41:53 2024]
Finished job 3.
2 of 3 steps (67%) done
Select jobs to execute...
Execute 1 jobs...

[Sun Sep  8 20:41:53 2024]
localrule concat:
    input: temp/wc_A.txt, temp/wc_B.txt, temp/wc_C.txt
    output: temp/wc_all.csv
    jobid: 0
    reason: Missing output files: temp/wc_all.csv; Input files updated by another job: temp/wc_B.txt, temp/wc_C.txt
    resources: tmpdir=/var/folders/2v/z6sn_qq56sz8d26l90tnfyd40000gn/T

[Sun Sep  8 20:41:53 2024]
Finished job 0.
3 of 3 steps (100%) done
Complete log: .snakemake/log/2024-09-08T204153.158971.snakemake.log
