host: Jiwons-Laptop.local
Building DAG of jobs...
Using shell: /bin/bash
Provided cores: 1 (use --cores to define parallelism)
Rules claiming more threads will be scaled down.
Job stats:
job      count
-----  -------
plot         1
total        1

Select jobs to execute...
Execute 1 jobs...

[Sun Sep  8 20:51:07 2024]
localrule plot:
    input: temp/wc_all.csv
    output: temp/wc_all.png
    jobid: 0
    reason: Missing output files: temp/wc_all.png
    resources: tmpdir=/var/folders/2v/z6sn_qq56sz8d26l90tnfyd40000gn/T

[Sun Sep  8 20:51:20 2024]
Finished job 0.
1 of 1 steps (100%) done
Complete log: .snakemake/log/2024-09-08T205107.761483.snakemake.log
